[2015-04-23 12:57:16] request.INFO: Matched route "page_slug" (parameters: "_controller": "sonata.page.page_service_manager:execute", "_route": "page_slug", "page": "{"transformer":{"registry":{}}}", "path": "/", "params": "[]") [] []
[2015-04-23 12:57:16] security.INFO: Populated SecurityContext with an anonymous Token [] []
[2015-04-23 12:57:16] app.INFO: [cms::renderBlock] block.id=1, block.type=sonata.page.block.container  [] []
[2015-04-23 12:57:16] app.INFO: [cms::renderBlock] block.id=2, block.type=sonata.page.block.container  [] []
[2015-04-23 12:57:16] app.INFO: [cms::renderBlock] block.id=3, block.type=sonata.block.service.text  [] []
[2015-04-23 12:57:16] app.INFO: [cms::renderBlock] block.id=4, block.type=sonata.page.block.container  [] []
[2015-04-23 12:57:16] app.INFO: [cms::renderBlock] block.id=8, block.type=sonata.block.service.menu  [] []
[2015-04-23 12:57:16] app.INFO: [cms::renderBlock] block.id=17, block.type=sonata.page.block.container  [] []
[2015-04-23 12:57:16] app.INFO: [cms::renderBlock] block.id=19, block.type=sonata.block.service.text  [] []
[2015-04-23 12:57:16] app.INFO: [cms::renderBlock] block.id=18, block.type=sonata.page.block.container  [] []
[2015-04-23 12:57:16] app.INFO: [cms::renderBlock] block.id=21, block.type=sonata.media.block.gallery  [] []
[2015-04-23 12:57:16] app.INFO: [cms::renderBlock] block.id=22, block.type=sonata.product.block.recent_products  [] []
[2015-04-23 12:57:16] app.INFO: [cms::renderBlock] block.id=20, block.type=sonata.page.block.container  [] []
[2015-04-23 12:57:16] app.INFO: [cms::renderBlock] block.id=23, block.type=sonata.page.block.container  [] []
[2015-04-23 12:57:16] app.INFO: [cms::renderBlock] block.id=25, block.type=sonata.demo.block.newsletter  [] []
[2015-04-23 12:57:16] app.INFO: [cms::renderBlock] block.id=24, block.type=sonata.page.block.container  [] []
[2015-04-23 12:57:16] app.INFO: [cms::renderBlock] block.id=26, block.type=sonata.seo.block.twitter.embed  [] []
[2015-04-23 12:57:16] app.CRITICAL: [cms::renderBlock] block.id=26 - error while rendering block - The PHP cURL extension must be installed to use Guzzle. [] []
[2015-04-23 12:57:16] app.INFO: [cms::renderBlock] block.id=7, block.type=sonata.page.block.container  [] []
[2015-04-23 12:57:16] app.INFO: [cms::renderBlock] block.id=9, block.type=sonata.page.block.container  [] []
[2015-04-23 12:57:16] app.INFO: [cms::renderBlock] block.id=13, block.type=sonata.block.service.text  [] []
[2015-04-23 12:57:16] app.INFO: [cms::renderBlock] block.id=10, block.type=sonata.page.block.container  [] []
[2015-04-23 12:57:16] app.INFO: [cms::renderBlock] block.id=14, block.type=sonata.block.service.text  [] []
[2015-04-23 12:57:16] app.INFO: [cms::renderBlock] block.id=11, block.type=sonata.page.block.container  [] []
[2015-04-23 12:57:16] app.INFO: [cms::renderBlock] block.id=15, block.type=sonata.block.service.text  [] []
[2015-04-23 12:57:16] app.INFO: [cms::renderBlock] block.id=12, block.type=sonata.page.block.container  [] []
[2015-04-23 12:57:16] app.INFO: [cms::renderBlock] block.id=16, block.type=sonata.block.service.text  [] []
[2015-04-23 12:57:16] security.DEBUG: Write SecurityContext in the session [] []
[2015-04-23 12:57:58] request.INFO: Matched route "page_slug" (parameters: "_controller": "sonata.page.page_service_manager:execute", "_route": "page_slug", "page": "{"transformer":{"registry":{}}}", "path": "/", "params": "[]") [] []
[2015-04-23 12:57:58] security.INFO: Populated SecurityContext with an anonymous Token [] []
[2015-04-23 12:57:58] app.INFO: [cms::renderBlock] block.id=1, block.type=sonata.page.block.container  [] []
[2015-04-23 12:57:58] app.INFO: [cms::renderBlock] block.id=2, block.type=sonata.page.block.container  [] []
[2015-04-23 12:57:58] app.INFO: [cms::renderBlock] block.id=3, block.type=sonata.block.service.text  [] []
[2015-04-23 12:57:58] app.INFO: [cms::renderBlock] block.id=4, block.type=sonata.page.block.container  [] []
[2015-04-23 12:57:58] app.INFO: [cms::renderBlock] block.id=8, block.type=sonata.block.service.menu  [] []
[2015-04-23 12:57:58] app.INFO: [cms::renderBlock] block.id=17, block.type=sonata.page.block.container  [] []
[2015-04-23 12:57:58] app.INFO: [cms::renderBlock] block.id=19, block.type=sonata.block.service.text  [] []
[2015-04-23 12:57:58] app.INFO: [cms::renderBlock] block.id=18, block.type=sonata.page.block.container  [] []
[2015-04-23 12:57:58] app.INFO: [cms::renderBlock] block.id=21, block.type=sonata.media.block.gallery  [] []
[2015-04-23 12:57:58] app.INFO: [cms::renderBlock] block.id=22, block.type=sonata.product.block.recent_products  [] []
[2015-04-23 12:57:58] app.INFO: [cms::renderBlock] block.id=20, block.type=sonata.page.block.container  [] []
[2015-04-23 12:57:58] app.INFO: [cms::renderBlock] block.id=23, block.type=sonata.page.block.container  [] []
[2015-04-23 12:57:58] app.INFO: [cms::renderBlock] block.id=25, block.type=sonata.demo.block.newsletter  [] []
[2015-04-23 12:57:58] app.INFO: [cms::renderBlock] block.id=24, block.type=sonata.page.block.container  [] []
[2015-04-23 12:57:58] app.INFO: [cms::renderBlock] block.id=26, block.type=sonata.seo.block.twitter.embed  [] []
[2015-04-23 12:57:58] app.CRITICAL: [cms::renderBlock] block.id=26 - error while rendering block - The PHP cURL extension must be installed to use Guzzle. [] []
[2015-04-23 12:57:58] app.INFO: [cms::renderBlock] block.id=7, block.type=sonata.page.block.container  [] []
[2015-04-23 12:57:58] app.INFO: [cms::renderBlock] block.id=9, block.type=sonata.page.block.container  [] []
[2015-04-23 12:57:58] app.INFO: [cms::renderBlock] block.id=13, block.type=sonata.block.service.text  [] []
[2015-04-23 12:57:58] app.INFO: [cms::renderBlock] block.id=10, block.type=sonata.page.block.container  [] []
[2015-04-23 12:57:58] app.INFO: [cms::renderBlock] block.id=14, block.type=sonata.block.service.text  [] []
[2015-04-23 12:57:58] app.INFO: [cms::renderBlock] block.id=11, block.type=sonata.page.block.container  [] []
[2015-04-23 12:57:58] app.INFO: [cms::renderBlock] block.id=15, block.type=sonata.block.service.text  [] []
[2015-04-23 12:57:58] app.INFO: [cms::renderBlock] block.id=12, block.type=sonata.page.block.container  [] []
[2015-04-23 12:57:58] app.INFO: [cms::renderBlock] block.id=16, block.type=sonata.block.service.text  [] []
[2015-04-23 12:57:58] security.DEBUG: Write SecurityContext in the session [] []
[2015-04-23 12:59:37] app.DEBUG: Router Sonata\PageBundle\Route\CmsPageRouter was not able to match, message "/profile/" [] []
[2015-04-23 12:59:37] request.INFO: Matched route "fos_user_profile_show" (parameters: "_controller": "Sonata\UserBundle\Controller\ProfileFOSUser1Controller::showAction", "_route": "fos_user_profile_show") [] []
[2015-04-23 12:59:37] security.DEBUG: Read SecurityContext from the session [] []
[2015-04-23 12:59:37] security.DEBUG: Reloading user from user provider. [] []
[2015-04-23 12:59:37] security.DEBUG: Username "omartest" was reloaded from user provider. [] []
[2015-04-23 12:59:37] app.INFO: [cms::renderBlock] block.id=5538, block.type=sonata.user.block.breadcrumb_index  [] []
[2015-04-23 12:59:37] app.INFO: [cms::renderBlock] block.id=5538, block.type=sonata.user.block.menu  [] []
[2015-04-23 12:59:37] php.EMERGENCY: Fatal Error: Call to undefined method Knp\Menu\MenuItem::setCurrentUri() {"type":1,"file":"/var/www/html/sandbox-build-2.3/vendor/sonata-project/user-bundle/Block/ProfileMenuBlockService.php","line":91,"level":22527,"stack":[]} []
[2015-04-23 12:59:37] request.CRITICAL: Symfony\Component\Debug\Exception\UndefinedMethodException: Attempted to call method "setCurrentUri" on class "Knp\Menu\MenuItem". Did you mean to call "setCurrent"? (uncaught exception) at /var/www/html/sandbox-build-2.3/vendor/sonata-project/user-bundle/Block/ProfileMenuBlockService.php line 91 {"exception":"[object] (Symfony\\Component\\Debug\\Exception\\UndefinedMethodException(code: 0): Attempted to call method \"setCurrentUri\" on class \"Knp\\Menu\\MenuItem\".\nDid you mean to call \"setCurrent\"? at /var/www/html/sandbox-build-2.3/vendor/sonata-project/user-bundle/Block/ProfileMenuBlockService.php:91)"} []
[2015-04-23 12:59:37] app.INFO: [cms::renderBlock] block.id=1, block.type=sonata.page.block.container  [] []
[2015-04-23 12:59:37] app.INFO: [cms::renderBlock] block.id=2, block.type=sonata.page.block.container  [] []
[2015-04-23 12:59:37] app.INFO: [cms::renderBlock] block.id=3, block.type=sonata.block.service.text  [] []
[2015-04-23 12:59:37] app.INFO: [cms::renderBlock] block.id=4, block.type=sonata.page.block.container  [] []
[2015-04-23 12:59:37] app.INFO: [cms::renderBlock] block.id=8, block.type=sonata.block.service.menu  [] []
[2015-04-23 12:59:38] app.INFO: [cms::renderBlock] block.id=30, block.type=sonata.page.block.container  [] []
[2015-04-23 12:59:38] app.INFO: [cms::renderBlock] block.id=31, block.type=sonata.page.block.breadcrumb  [] []
[2015-04-23 12:59:38] app.INFO: [cms::renderBlock] block.id=32, block.type=sonata.block.service.text  [] []
[2015-04-23 12:59:38] app.INFO: [cms::renderBlock] block.id=7, block.type=sonata.page.block.container  [] []
[2015-04-23 12:59:38] app.INFO: [cms::renderBlock] block.id=9, block.type=sonata.page.block.container  [] []
[2015-04-23 12:59:38] app.INFO: [cms::renderBlock] block.id=13, block.type=sonata.block.service.text  [] []
[2015-04-23 12:59:38] app.INFO: [cms::renderBlock] block.id=10, block.type=sonata.page.block.container  [] []
[2015-04-23 12:59:38] app.INFO: [cms::renderBlock] block.id=14, block.type=sonata.block.service.text  [] []
[2015-04-23 12:59:38] app.INFO: [cms::renderBlock] block.id=11, block.type=sonata.page.block.container  [] []
[2015-04-23 12:59:38] app.INFO: [cms::renderBlock] block.id=15, block.type=sonata.block.service.text  [] []
[2015-04-23 12:59:38] app.INFO: [cms::renderBlock] block.id=12, block.type=sonata.page.block.container  [] []
[2015-04-23 12:59:38] app.INFO: [cms::renderBlock] block.id=16, block.type=sonata.block.service.text  [] []
[2015-04-23 12:59:38] security.DEBUG: Write SecurityContext in the session [] []
[2015-04-23 12:59:55] app.DEBUG: Router Sonata\PageBundle\Route\CmsPageRouter was not able to match, message "/profile/" [] []
[2015-04-23 12:59:55] request.INFO: Matched route "fos_user_profile_show" (parameters: "_controller": "Sonata\UserBundle\Controller\ProfileFOSUser1Controller::showAction", "_route": "fos_user_profile_show") [] []
[2015-04-23 12:59:55] security.DEBUG: Read SecurityContext from the session [] []
[2015-04-23 12:59:55] security.DEBUG: Reloading user from user provider. [] []
[2015-04-23 12:59:55] security.DEBUG: Username "omartest" was reloaded from user provider. [] []
[2015-04-23 12:59:55] app.INFO: [cms::renderBlock] block.id=5538, block.type=sonata.user.block.breadcrumb_index  [] []
[2015-04-23 12:59:55] app.INFO: [cms::renderBlock] block.id=5538, block.type=sonata.user.block.menu  [] []
[2015-04-23 12:59:55] php.EMERGENCY: Fatal Error: Call to undefined method Knp\Menu\MenuItem::setCurrentUri() {"type":1,"file":"/var/www/html/sandbox-build-2.3/vendor/sonata-project/user-bundle/Block/ProfileMenuBlockService.php","line":91,"level":22527,"stack":[]} []
[2015-04-23 12:59:55] request.CRITICAL: Symfony\Component\Debug\Exception\UndefinedMethodException: Attempted to call method "setCurrentUri" on class "Knp\Menu\MenuItem". Did you mean to call "setCurrent"? (uncaught exception) at /var/www/html/sandbox-build-2.3/vendor/sonata-project/user-bundle/Block/ProfileMenuBlockService.php line 91 {"exception":"[object] (Symfony\\Component\\Debug\\Exception\\UndefinedMethodException(code: 0): Attempted to call method \"setCurrentUri\" on class \"Knp\\Menu\\MenuItem\".\nDid you mean to call \"setCurrent\"? at /var/www/html/sandbox-build-2.3/vendor/sonata-project/user-bundle/Block/ProfileMenuBlockService.php:91)"} []
[2015-04-23 12:59:55] app.INFO: [cms::renderBlock] block.id=1, block.type=sonata.page.block.container  [] []
[2015-04-23 12:59:55] app.INFO: [cms::renderBlock] block.id=2, block.type=sonata.page.block.container  [] []
[2015-04-23 12:59:55] app.INFO: [cms::renderBlock] block.id=3, block.type=sonata.block.service.text  [] []
[2015-04-23 12:59:55] app.INFO: [cms::renderBlock] block.id=4, block.type=sonata.page.block.container  [] []
[2015-04-23 12:59:55] app.INFO: [cms::renderBlock] block.id=8, block.type=sonata.block.service.menu  [] []
[2015-04-23 12:59:55] app.INFO: [cms::renderBlock] block.id=30, block.type=sonata.page.block.container  [] []
[2015-04-23 12:59:55] app.INFO: [cms::renderBlock] block.id=31, block.type=sonata.page.block.breadcrumb  [] []
[2015-04-23 12:59:55] app.INFO: [cms::renderBlock] block.id=32, block.type=sonata.block.service.text  [] []
[2015-04-23 12:59:55] app.INFO: [cms::renderBlock] block.id=7, block.type=sonata.page.block.container  [] []
[2015-04-23 12:59:55] app.INFO: [cms::renderBlock] block.id=9, block.type=sonata.page.block.container  [] []
[2015-04-23 12:59:55] app.INFO: [cms::renderBlock] block.id=13, block.type=sonata.block.service.text  [] []
[2015-04-23 12:59:55] app.INFO: [cms::renderBlock] block.id=10, block.type=sonata.page.block.container  [] []
[2015-04-23 12:59:55] app.INFO: [cms::renderBlock] block.id=14, block.type=sonata.block.service.text  [] []
[2015-04-23 12:59:55] app.INFO: [cms::renderBlock] block.id=11, block.type=sonata.page.block.container  [] []
[2015-04-23 12:59:55] app.INFO: [cms::renderBlock] block.id=15, block.type=sonata.block.service.text  [] []
[2015-04-23 12:59:55] app.INFO: [cms::renderBlock] block.id=12, block.type=sonata.page.block.container  [] []
[2015-04-23 12:59:55] app.INFO: [cms::renderBlock] block.id=16, block.type=sonata.block.service.text  [] []
[2015-04-23 12:59:55] security.DEBUG: Write SecurityContext in the session [] []
[2015-04-23 13:02:02] app.DEBUG: Router Sonata\PageBundle\Route\CmsPageRouter was not able to match, message "/profile/" [] []
[2015-04-23 13:02:02] request.INFO: Matched route "fos_user_profile_show" (parameters: "_controller": "Sonata\UserBundle\Controller\ProfileFOSUser1Controller::showAction", "_route": "fos_user_profile_show") [] []
[2015-04-23 13:02:02] security.DEBUG: Read SecurityContext from the session [] []
[2015-04-23 13:02:02] security.DEBUG: Reloading user from user provider. [] []
[2015-04-23 13:02:02] security.DEBUG: Username "omartest" was reloaded from user provider. [] []
[2015-04-23 13:02:02] app.INFO: [cms::renderBlock] block.id=5538, block.type=sonata.user.block.breadcrumb_index  [] []
[2015-04-23 13:02:02] app.INFO: [cms::renderBlock] block.id=5538, block.type=sonata.user.block.menu  [] []
[2015-04-23 13:02:02] php.EMERGENCY: Fatal Error: Call to undefined method Knp\Menu\MenuItem::setCurrentUri() {"type":1,"file":"/var/www/html/sandbox-build-2.3/vendor/sonata-project/user-bundle/Block/ProfileMenuBlockService.php","line":91,"level":22527,"stack":[]} []
[2015-04-23 13:02:02] request.CRITICAL: Symfony\Component\Debug\Exception\UndefinedMethodException: Attempted to call method "setCurrentUri" on class "Knp\Menu\MenuItem". Did you mean to call "setCurrent"? (uncaught exception) at /var/www/html/sandbox-build-2.3/vendor/sonata-project/user-bundle/Block/ProfileMenuBlockService.php line 91 {"exception":"[object] (Symfony\\Component\\Debug\\Exception\\UndefinedMethodException(code: 0): Attempted to call method \"setCurrentUri\" on class \"Knp\\Menu\\MenuItem\".\nDid you mean to call \"setCurrent\"? at /var/www/html/sandbox-build-2.3/vendor/sonata-project/user-bundle/Block/ProfileMenuBlockService.php:91)"} []
[2015-04-23 13:02:02] app.INFO: [cms::renderBlock] block.id=1, block.type=sonata.page.block.container  [] []
[2015-04-23 13:02:02] app.INFO: [cms::renderBlock] block.id=2, block.type=sonata.page.block.container  [] []
[2015-04-23 13:02:02] app.INFO: [cms::renderBlock] block.id=3, block.type=sonata.block.service.text  [] []
[2015-04-23 13:02:02] app.INFO: [cms::renderBlock] block.id=4, block.type=sonata.page.block.container  [] []
[2015-04-23 13:02:02] app.INFO: [cms::renderBlock] block.id=8, block.type=sonata.block.service.menu  [] []
[2015-04-23 13:02:02] app.INFO: [cms::renderBlock] block.id=30, block.type=sonata.page.block.container  [] []
[2015-04-23 13:02:02] app.INFO: [cms::renderBlock] block.id=31, block.type=sonata.page.block.breadcrumb  [] []
[2015-04-23 13:02:02] app.INFO: [cms::renderBlock] block.id=32, block.type=sonata.block.service.text  [] []
[2015-04-23 13:02:02] app.INFO: [cms::renderBlock] block.id=7, block.type=sonata.page.block.container  [] []
[2015-04-23 13:02:02] app.INFO: [cms::renderBlock] block.id=9, block.type=sonata.page.block.container  [] []
[2015-04-23 13:02:02] app.INFO: [cms::renderBlock] block.id=13, block.type=sonata.block.service.text  [] []
[2015-04-23 13:02:02] app.INFO: [cms::renderBlock] block.id=10, block.type=sonata.page.block.container  [] []
[2015-04-23 13:02:02] app.INFO: [cms::renderBlock] block.id=14, block.type=sonata.block.service.text  [] []
[2015-04-23 13:02:02] app.INFO: [cms::renderBlock] block.id=11, block.type=sonata.page.block.container  [] []
[2015-04-23 13:02:02] app.INFO: [cms::renderBlock] block.id=15, block.type=sonata.block.service.text  [] []
[2015-04-23 13:02:02] app.INFO: [cms::renderBlock] block.id=12, block.type=sonata.page.block.container  [] []
[2015-04-23 13:02:02] app.INFO: [cms::renderBlock] block.id=16, block.type=sonata.block.service.text  [] []
[2015-04-23 13:02:02] security.DEBUG: Write SecurityContext in the session [] []
[2015-04-23 13:45:05] request.INFO: Matched route "page_slug" (parameters: "_controller": "sonata.page.page_service_manager:execute", "_route": "page_slug", "page": "{"transformer":{"registry":{}}}", "path": "/", "params": "[]") [] []
[2015-04-23 13:45:05] security.DEBUG: Read SecurityContext from the session [] []
[2015-04-23 13:45:05] security.DEBUG: Reloading user from user provider. [] []
[2015-04-23 13:45:05] security.DEBUG: Username "omartest" was reloaded from user provider. [] []
[2015-04-23 13:45:05] app.INFO: [cms::renderBlock] block.id=1, block.type=sonata.page.block.container  [] []
[2015-04-23 13:45:05] app.INFO: [cms::renderBlock] block.id=2, block.type=sonata.page.block.container  [] []
[2015-04-23 13:45:05] app.INFO: [cms::renderBlock] block.id=3, block.type=sonata.block.service.text  [] []
[2015-04-23 13:45:05] app.INFO: [cms::renderBlock] block.id=4, block.type=sonata.page.block.container  [] []
[2015-04-23 13:45:05] app.INFO: [cms::renderBlock] block.id=8, block.type=sonata.block.service.menu  [] []
[2015-04-23 13:45:05] app.INFO: [cms::renderBlock] block.id=17, block.type=sonata.page.block.container  [] []
[2015-04-23 13:45:05] app.INFO: [cms::renderBlock] block.id=19, block.type=sonata.block.service.text  [] []
[2015-04-23 13:45:05] app.INFO: [cms::renderBlock] block.id=18, block.type=sonata.page.block.container  [] []
[2015-04-23 13:45:05] app.INFO: [cms::renderBlock] block.id=21, block.type=sonata.media.block.gallery  [] []
[2015-04-23 13:45:05] app.INFO: [cms::renderBlock] block.id=22, block.type=sonata.product.block.recent_products  [] []
[2015-04-23 13:45:05] app.INFO: [cms::renderBlock] block.id=20, block.type=sonata.page.block.container  [] []
[2015-04-23 13:45:05] app.INFO: [cms::renderBlock] block.id=23, block.type=sonata.page.block.container  [] []
[2015-04-23 13:45:05] app.INFO: [cms::renderBlock] block.id=25, block.type=sonata.demo.block.newsletter  [] []
[2015-04-23 13:45:05] app.INFO: [cms::renderBlock] block.id=24, block.type=sonata.page.block.container  [] []
[2015-04-23 13:45:05] app.INFO: [cms::renderBlock] block.id=26, block.type=sonata.seo.block.twitter.embed  [] []
[2015-04-23 13:45:05] app.CRITICAL: [cms::renderBlock] block.id=26 - error while rendering block - The PHP cURL extension must be installed to use Guzzle. [] []
[2015-04-23 13:45:05] app.INFO: [cms::renderBlock] block.id=7, block.type=sonata.page.block.container  [] []
[2015-04-23 13:45:05] app.INFO: [cms::renderBlock] block.id=9, block.type=sonata.page.block.container  [] []
[2015-04-23 13:45:05] app.INFO: [cms::renderBlock] block.id=13, block.type=sonata.block.service.text  [] []
[2015-04-23 13:45:05] app.INFO: [cms::renderBlock] block.id=10, block.type=sonata.page.block.container  [] []
[2015-04-23 13:45:05] app.INFO: [cms::renderBlock] block.id=14, block.type=sonata.block.service.text  [] []
[2015-04-23 13:45:05] app.INFO: [cms::renderBlock] block.id=11, block.type=sonata.page.block.container  [] []
[2015-04-23 13:45:05] app.INFO: [cms::renderBlock] block.id=15, block.type=sonata.block.service.text  [] []
[2015-04-23 13:45:05] app.INFO: [cms::renderBlock] block.id=12, block.type=sonata.page.block.container  [] []
[2015-04-23 13:45:05] app.INFO: [cms::renderBlock] block.id=16, block.type=sonata.block.service.text  [] []
[2015-04-23 13:45:05] security.DEBUG: Write SecurityContext in the session [] []
[2015-04-23 13:51:46] request.INFO: Matched route "page_slug" (parameters: "_controller": "sonata.page.page_service_manager:execute", "_route": "page_slug", "page": "{"transformer":{"registry":{}}}", "path": "/", "params": "[]") [] []
[2015-04-23 13:51:46] security.DEBUG: Read SecurityContext from the session [] []
[2015-04-23 13:51:46] security.DEBUG: Reloading user from user provider. [] []
[2015-04-23 13:51:46] security.DEBUG: Username "omartest" was reloaded from user provider. [] []
[2015-04-23 13:51:46] app.INFO: [cms::renderBlock] block.id=1, block.type=sonata.page.block.container  [] []
[2015-04-23 13:51:46] app.INFO: [cms::renderBlock] block.id=2, block.type=sonata.page.block.container  [] []
[2015-04-23 13:51:46] app.INFO: [cms::renderBlock] block.id=3, block.type=sonata.block.service.text  [] []
[2015-04-23 13:51:46] app.INFO: [cms::renderBlock] block.id=4, block.type=sonata.page.block.container  [] []
[2015-04-23 13:51:46] app.INFO: [cms::renderBlock] block.id=8, block.type=sonata.block.service.menu  [] []
[2015-04-23 13:51:46] app.INFO: [cms::renderBlock] block.id=17, block.type=sonata.page.block.container  [] []
[2015-04-23 13:51:46] app.INFO: [cms::renderBlock] block.id=19, block.type=sonata.block.service.text  [] []
[2015-04-23 13:51:46] app.INFO: [cms::renderBlock] block.id=18, block.type=sonata.page.block.container  [] []
[2015-04-23 13:51:46] app.INFO: [cms::renderBlock] block.id=21, block.type=sonata.media.block.gallery  [] []
[2015-04-23 13:51:46] app.INFO: [cms::renderBlock] block.id=22, block.type=sonata.product.block.recent_products  [] []
[2015-04-23 13:51:46] app.INFO: [cms::renderBlock] block.id=20, block.type=sonata.page.block.container  [] []
[2015-04-23 13:51:46] app.INFO: [cms::renderBlock] block.id=23, block.type=sonata.page.block.container  [] []
[2015-04-23 13:51:46] app.INFO: [cms::renderBlock] block.id=25, block.type=sonata.demo.block.newsletter  [] []
[2015-04-23 13:51:46] app.INFO: [cms::renderBlock] block.id=24, block.type=sonata.page.block.container  [] []
[2015-04-23 13:51:46] app.INFO: [cms::renderBlock] block.id=26, block.type=sonata.seo.block.twitter.embed  [] []
[2015-04-23 13:51:46] app.CRITICAL: [cms::renderBlock] block.id=26 - error while rendering block - The PHP cURL extension must be installed to use Guzzle. [] []
[2015-04-23 13:51:46] app.INFO: [cms::renderBlock] block.id=7, block.type=sonata.page.block.container  [] []
[2015-04-23 13:51:46] app.INFO: [cms::renderBlock] block.id=9, block.type=sonata.page.block.container  [] []
[2015-04-23 13:51:46] app.INFO: [cms::renderBlock] block.id=13, block.type=sonata.block.service.text  [] []
[2015-04-23 13:51:46] app.INFO: [cms::renderBlock] block.id=10, block.type=sonata.page.block.container  [] []
[2015-04-23 13:51:46] app.INFO: [cms::renderBlock] block.id=14, block.type=sonata.block.service.text  [] []
[2015-04-23 13:51:46] app.INFO: [cms::renderBlock] block.id=11, block.type=sonata.page.block.container  [] []
[2015-04-23 13:51:46] app.INFO: [cms::renderBlock] block.id=15, block.type=sonata.block.service.text  [] []
[2015-04-23 13:51:46] app.INFO: [cms::renderBlock] block.id=12, block.type=sonata.page.block.container  [] []
[2015-04-23 13:51:46] app.INFO: [cms::renderBlock] block.id=16, block.type=sonata.block.service.text  [] []
[2015-04-23 13:51:46] security.DEBUG: Write SecurityContext in the session [] []
